0 info it worked if it ends with ok
1 verbose cli [ 'C:\\Program Files\\nodejs\\node.exe',
1 verbose cli   'C:\\Users\\Administrator\\AppData\\Roaming\\npm\\node_modules\\npm\\bin\\npm-cli.js',
1 verbose cli   'run',
1 verbose cli   'dev' ]
2 info using npm@3.10.10
3 info using node@v10.16.0
4 verbose run-script [ 'predev', 'dev', 'postdev' ]
5 info lifecycle demo@1.0.0~predev: demo@1.0.0
6 silly lifecycle demo@1.0.0~predev: no script for predev, continuing
7 info lifecycle demo@1.0.0~dev: demo@1.0.0
8 verbose lifecycle demo@1.0.0~dev: unsafe-perm in lifecycle true
9 verbose lifecycle demo@1.0.0~dev: PATH: C:\Users\Administrator\AppData\Roaming\npm\node_modules\npm\bin\node-gyp-bin;C:\Users\Administrator\Desktop\zy\17级软件课件\vue.js课件\电商实战\shopping\node_modules\.bin;C:\Windows\system32;;C:\Users\Administrator\Desktop\apache-tomcat-9.0.16\lib;C:\Users\Administrator\Desktop\apache-tomcat-9.0.16\bin;C:\Windows;C:\Windows\System32\Wbem;C:\Windows\System32\WindowsPowerShell\v1.0\;C:\Program Files\ATI Technologies\ATI.ACE\Core-Static;;C:\Program Files\Java\jre7\bin;C:\Program Files\Java\jre7\jre\bin;C:\Program Files\nodejs\;;C:\Users\Administrator\AppData\Local\Programs\Microsoft VS Code\bin;C:\Users\Administrator\AppData\Roaming\npm
10 verbose lifecycle demo@1.0.0~dev: CWD: C:\Users\Administrator\Desktop\zy\17级软件课件\vue.js课件\电商实战\shopping
11 silly lifecycle demo@1.0.0~dev: Args: [ '/d /s /c',
11 silly lifecycle   'webpack-dev-server --open --history-api-fallback --config webpack.config.js' ]
12 verbose stack Error: kill ENOSYS
12 verbose stack     at process.kill (internal/process/per_thread.js:198:13)
12 verbose stack     at process.listener (C:\Users\Administrator\AppData\Roaming\npm\node_modules\npm\node_modules\npmlog\node_modules\gauge\node_modules\signal-exit\index.js:86:15)
12 verbose stack     at process.emit (events.js:203:15)
13 verbose cwd C:\Users\Administrator\Desktop\zy\17级软件课件\vue.js课件\电商实战\shopping
14 error Windows_NT 6.1.7601
15 error argv "C:\\Program Files\\nodejs\\node.exe" "C:\\Users\\Administrator\\AppData\\Roaming\\npm\\node_modules\\npm\\bin\\npm-cli.js" "run" "dev"
16 error node v10.16.0
17 error npm  v3.10.10
18 error code ENOSYS
19 error errno ENOSYS
20 error syscall kill
21 error kill ENOSYS
22 error If you need help, you may report this error at:
22 error     <https://github.com/npm/npm/issues>
23 verbose exit [ 1, true ]
